2025-12-18 21:05:18:518 [31merror[39m: [31m409 - User already exists[39m
2026-01-14 18:31:38:3138 [31merror[39m: [31m401 - Not authorized, no token[39m
2026-01-14 18:31:38:3138 [31merror[39m: [31m401 - Not authorized, no token[39m
2026-01-14 19:26:01:261 [31merror[39m: [31m403 - Not authorized, invalid role[39m
2026-01-14 19:26:05:265 [31merror[39m: [31m403 - Not authorized, invalid role[39m
2026-01-14 19:26:13:2613 [31merror[39m: [31m403 - Not authorized, invalid role[39m
2026-01-14 19:41:38:4138 [31merror[39m: [31m401 - Not authorized, no token[39m
2026-01-14 19:41:38:4138 [31merror[39m: [31m401 - Not authorized, no token[39m
2026-01-22 12:37:25:3725 [31merror[39m: [31m401 - Not authorized, no token[39m
2026-01-22 12:37:25:3725 [31merror[39m: [31m401 - Not authorized, no token[39m
2026-01-22 12:37:50:3750 [31merror[39m: [31m401 - Invalid email or password[39m
2026-01-22 13:18:40:1840 [31merror[39m: [31m401 - Not authorized, no token[39m
2026-01-22 13:18:40:1840 [31merror[39m: [31m401 - Not authorized, no token[39m
2026-01-22 13:49:49:4949 [31merror[39m: [31m401 - Not authorized, no token[39m
2026-01-22 13:49:49:4949 [31merror[39m: [31m401 - Not authorized, no token[39m
2026-01-22 13:49:51:4951 [31merror[39m: [31m401 - Not authorized, no token[39m
2026-01-22 13:49:51:4951 [31merror[39m: [31m401 - Not authorized, no token[39m
2026-01-22 14:00:44:044 [31merror[39m: [31m401 - Not authorized, no token[39m
2026-01-22 14:01:00:10 [31merror[39m: [31m401 - Not authorized, no token[39m
2026-01-22 14:01:00:10 [31merror[39m: [31m401 - Not authorized, no token[39m
2026-01-22 14:13:46:1346 [31merror[39m: [31m401 - Not authorized, no token[39m
2026-01-22 14:13:46:1346 [31merror[39m: [31m401 - Not authorized, no token[39m
2026-01-22 14:21:24:2124 [31merror[39m: [31m401 - Not authorized, no token[39m
2026-04-26 16:01:10:110 [31merror[39m: [31m401 - Not authorized, no token[39m
2026-04-26 16:01:16:116 [31merror[39m: [31m401 - Not authorized, no token[39m
2026-04-26 16:05:05:55 [31merror[39m: [31m500 - Task validation failed: dueDate: Cast to date failed for value "Invalid Date" (type Date) at path "dueDate"[39m
2026-04-26 16:05:09:59 [31merror[39m: [31m500 - Task validation failed: dueDate: Cast to date failed for value "Invalid Date" (type Date) at path "dueDate"[39m
